<?xml version="1.0" encoding="UTF-8"?>
<!-- Generated by org.testng.reporters.JUnitReportReporter -->
<testsuite hostname="Ayush-Kumar-Ojha-B601-MacBook-Air.local" failures="0" tests="4" name="Demo.Login" time="7.691" errors="0" timestamp="2022-06-08T22:24:32 IST" skipped="0">
  <testcase classname="Demo.Login" name="resetPassword" time="0.126"/>
  <system-out/>
  <testcase classname="Demo.Login" name="login" time="7.332"/>
  <system-out/>
  <testcase classname="Demo.Login" name="whoAmI" time="0.100"/>
  <system-out/>
  <testcase classname="Demo.Login" name="refreshToken" time="0.133"/>
  <system-out/>
</testsuite> <!-- Demo.Login -->
