<?xml version="1.0" encoding="UTF-8"?>
<!-- Generated by org.testng.reporters.JUnitReportReporter -->
<testsuite hostname="Ayush-Kumar-Ojha-B601-MacBook-Air.local" failures="0" tests="4" name="Demo.Login" time="7.973" errors="0" timestamp="2022-06-02T00:13:23 IST" skipped="0">
  <testcase classname="Demo.Login" name="resetPassword" time="0.121"/>
  <system-out/>
  <testcase classname="Demo.Login" name="refreshToken" time="0.134"/>
  <system-out/>
  <testcase classname="Demo.Login" name="login" time="7.630"/>
  <system-out/>
  <testcase classname="Demo.Login" name="whoAmI" time="0.088"/>
  <system-out/>
</testsuite> <!-- Demo.Login -->
