<?xml version="1.0" encoding="UTF-8"?>
<!-- Generated by org.testng.reporters.JUnitReportReporter -->
<testsuite hostname="Ayush-Kumar-Ojha-B601-MacBook-Air.local" failures="0" tests="5" name="Tests.Test_Team" time="0.571" errors="0" timestamp="2022-06-13T15:07:54 IST" skipped="0">
  <testcase classname="Tests.Test_Team" name="getTeam_test" time="0.106"/>
  <system-out/>
  <testcase classname="Tests.Test_Team" name="addTeam_test" time="0.201"/>
  <system-out/>
  <testcase classname="Tests.Test_Team" name="updateTeam_test" time="0.084"/>
  <system-out/>
  <testcase classname="Tests.Test_Team" name="getSingleTeam" time="0.068"/>
  <system-out/>
  <testcase classname="Tests.Test_Team" name="deleteTeam_test" time="0.112"/>
  <system-out/>
</testsuite> <!-- Tests.Test_Team -->
