<?xml version="1.0" encoding="UTF-8"?>
<!-- Generated by org.testng.reporters.JUnitReportReporter -->
<testsuite hostname="Ayush-Kumar-Ojha-B601-MacBook-Air.local" failures="0" tests="1" name="Demo.Login" time="11.091" errors="0" timestamp="2022-05-30T23:42:01 IST" skipped="0">
  <testcase classname="Demo.Login" name="login" time="11.091"/>
  <system-out/>
</testsuite> <!-- Demo.Login -->
