<?xml version="1.0" encoding="UTF-8"?>
<!-- Generated by org.testng.reporters.JUnitReportReporter -->
<testsuite hostname="Ayush-Kumar-Ojha-B601-MacBook-Air.local" failures="0" tests="4" name="Tests.Test_Login" time="5.693" errors="0" timestamp="2022-06-13T15:33:45 IST" skipped="0">
  <testcase classname="Tests.Test_Login" name="login_test" time="5.306"/>
  <system-out/>
  <testcase classname="Tests.Test_Login" name="resetPassword_test" time="0.179"/>
  <system-out/>
  <testcase classname="Tests.Test_Login" name="refreshPassword_test" time="0.126"/>
  <system-out/>
  <testcase classname="Tests.Test_Login" name="whoAmI_test" time="0.082"/>
  <system-out/>
</testsuite> <!-- Tests.Test_Login -->
