<?xml version="1.0" encoding="UTF-8"?>
<!-- Generated by org.testng.reporters.JUnitReportReporter -->
<testsuite hostname="Ayush-Kumar-Ojha-B601-MacBook-Air.local" failures="0" tests="5" name="Tests.Test_Team" time="0.483" errors="0" timestamp="2022-06-13T15:33:45 IST" skipped="0">
  <testcase classname="Tests.Test_Team" name="getTeam_test" time="0.119"/>
  <system-out/>
  <testcase classname="Tests.Test_Team" name="addTeam_test" time="0.135"/>
  <system-out/>
  <testcase classname="Tests.Test_Team" name="updateTeam_test" time="0.078"/>
  <system-out/>
  <testcase classname="Tests.Test_Team" name="getSingleTeam" time="0.079"/>
  <system-out/>
  <testcase classname="Tests.Test_Team" name="deleteTeam_test" time="0.072"/>
  <system-out/>
</testsuite> <!-- Tests.Test_Team -->
