<?xml version="1.0" encoding="UTF-8"?>
<!-- Generated by org.testng.reporters.JUnitReportReporter -->
<testsuite hostname="Ayush-Kumar-Ojha-B601-MacBook-Air.local" failures="0" tests="5" name="Demo.Team" time="5.600" errors="0" timestamp="2022-06-09T23:33:30 IST" skipped="0">
  <testcase classname="Demo.Team" name="addTeam" time="5.269"/>
  <system-out/>
  <testcase classname="Demo.Team" name="updateTeam" time="0.123"/>
  <system-out/>
  <testcase classname="Demo.Team" name="getTeam" time="0.079"/>
  <system-out/>
  <testcase classname="Demo.Team" name="getSingleTeam" time="0.068"/>
  <system-out/>
  <testcase classname="Demo.Team" name="deleteTeam" time="0.061"/>
  <system-out/>
</testsuite> <!-- Demo.Team -->
