<?xml version="1.0" encoding="UTF-8"?>
<!-- Generated by org.testng.reporters.JUnitReportReporter -->
<testsuite hostname="Ayush-Kumar-Ojha-B601-MacBook-Air.local" failures="0" tests="3" name="Demo.University" time="0.318" errors="0" timestamp="2022-05-31T20:26:42 IST" skipped="0">
  <testcase classname="Demo.University" name="login" time="0.123"/>
  <system-out/>
  <testcase classname="Demo.University" name="addUniversity" time="0.119"/>
  <system-out/>
  <testcase classname="Demo.University" name="deleteUniversity" time="0.076"/>
  <system-out/>
</testsuite> <!-- Demo.University -->
