<?xml version="1.0" encoding="UTF-8"?>
<!-- Generated by org.testng.reporters.JUnitReportReporter -->
<testsuite hostname="Ayush-Kumar-Ojha-B601-MacBook-Air.local" failures="0" tests="5" name="Tests.Test_Team" time="5.779" errors="0" timestamp="2022-06-12T23:04:55 IST" skipped="0">
  <testcase classname="Tests.Test_Team" name="getTeam_test" time="5.253"/>
  <system-out/>
  <testcase classname="Tests.Test_Team" name="addTeam_test" time="0.250"/>
  <system-out/>
  <testcase classname="Tests.Test_Team" name="updateTeam_test" time="0.125"/>
  <system-out/>
  <testcase classname="Tests.Test_Team" name="getSingleTeam" time="0.088"/>
  <system-out/>
  <testcase classname="Tests.Test_Team" name="deleteTeam_test" time="0.063"/>
  <system-out/>
</testsuite> <!-- Tests.Test_Team -->
