<?xml version="1.0" encoding="UTF-8"?>
<!-- Generated by org.testng.reporters.JUnitReportReporter -->
<testsuite hostname="Ayush-Kumar-Ojha-B601-MacBook-Air.local" failures="0" tests="2" name="Demo.University" time="4.128" errors="0" timestamp="2022-05-31T09:39:12 IST" skipped="0">
  <testcase classname="Demo.University" name="university" time="0.301"/>
  <system-out/>
  <testcase classname="Demo.University" name="university" time="3.827"/>
  <system-out/>
</testsuite> <!-- Demo.University -->
