<?xml version="1.0" encoding="UTF-8"?>
<!-- Generated by org.testng.reporters.JUnitReportReporter -->
<testsuite hostname="Ayush-Kumar-Ojha-B601-MacBook-Air.local" failures="0" tests="4" name="Demo.University" time="0.379" errors="0" timestamp="2022-06-08T22:24:32 IST" skipped="0">
  <testcase classname="Demo.University" name="addUniversity" time="0.130"/>
  <system-out/>
  <testcase classname="Demo.University" name="updateUniversity" time="0.096"/>
  <system-out/>
  <testcase classname="Demo.University" name="getUniversity" time="0.048"/>
  <system-out/>
  <testcase classname="Demo.University" name="deleteUniversity" time="0.105"/>
  <system-out/>
</testsuite> <!-- Demo.University -->
