<?xml version="1.0" encoding="UTF-8"?>
<!-- Generated by org.testng.reporters.JUnitReportReporter -->
<testsuite hostname="Ayush-Kumar-Ojha-B601-MacBook-Air.local" failures="0" tests="9" name="Tests.Test_Sensor" time="6.077" errors="0" timestamp="2022-06-15T08:12:17 IST" skipped="0">
  <testcase classname="Tests.Test_Sensor" name="getSensor_test" time="5.233"/>
  <system-out/>
  <testcase classname="Tests.Test_Sensor" name="addSensor_test" time="0.192"/>
  <system-out/>
  <testcase classname="Tests.Test_Sensor" name="deleteSensor_test" time="0.114"/>
  <system-out/>
  <testcase classname="Tests.Test_Sensor" name="updateSensor_test" time="0.064"/>
  <system-out/>
  <testcase classname="Tests.Test_Sensor" name="bulkAllocate_test" time="0.103"/>
  <system-out/>
  <testcase classname="Tests.Test_Sensor" name="bulkUnallocate_test" time="0.114"/>
  <system-out/>
  <testcase classname="Tests.Test_Sensor" name="deactivartest_test" time="0.080"/>
  <system-out/>
  <testcase classname="Tests.Test_Sensor" name="activate_test" time="0.064"/>
  <system-out/>
  <testcase classname="Tests.Test_Sensor" name="bulkDeleteSensor" time="0.113"/>
  <system-out/>
</testsuite> <!-- Tests.Test_Sensor -->
