<?xml version="1.0" encoding="UTF-8"?>
<!-- Generated by org.testng.reporters.JUnitReportReporter -->
<testsuite hostname="Ayush-Kumar-Ojha-B601-MacBook-Air.local" failures="0" tests="4" name="Tests.Test_Universities" time="5.729" errors="0" timestamp="2022-06-12T22:18:42 IST" skipped="0">
  <testcase classname="Tests.Test_Universities" name="getUniversity_test" time="5.248"/>
  <system-out/>
  <testcase classname="Tests.Test_Universities" name="addUniversity_test" time="0.280"/>
  <system-out/>
  <testcase classname="Tests.Test_Universities" name="updateUniversity_test" time="0.120"/>
  <system-out/>
  <testcase classname="Tests.Test_Universities" name="deleteUniversity_test" time="0.081"/>
  <system-out/>
</testsuite> <!-- Tests.Test_Universities -->
