<?xml version="1.0" encoding="UTF-8"?>
<!-- Generated by org.testng.reporters.JUnitReportReporter -->
<testsuite hostname="Ayush-Kumar-Ojha-B601-MacBook-Air.local" failures="0" tests="4" name="Tests.Test_Universities" time="0.538" errors="0" timestamp="2022-06-13T15:33:45 IST" skipped="0">
  <testcase classname="Tests.Test_Universities" name="getUniversity_test" time="0.103"/>
  <system-out/>
  <testcase classname="Tests.Test_Universities" name="addUniversity_test" time="0.208"/>
  <system-out/>
  <testcase classname="Tests.Test_Universities" name="updateUniversity_test" time="0.085"/>
  <system-out/>
  <testcase classname="Tests.Test_Universities" name="deleteUniversity_test" time="0.142"/>
  <system-out/>
</testsuite> <!-- Tests.Test_Universities -->
